# JRE version: OpenJDK Runtime Environment (8.0_152-b02) (build 1.8.0_152-release-1024-b02)
# Java VM: OpenJDK 64-Bit Server VM (25.152-b02 mixed mode windows-amd64 compressed oops)
Heap:
 PSYoungGen      total 127488K, used 34509K [0x00000000e0000000, 0x00000000eaf00000, 0x0000000100000000)
  eden space 116224K, 20% used [0x00000000e0000000,0x00000000e16b5cd8,0x00000000e7180000)
  from space 11264K, 99% used [0x00000000e7180000,0x00000000e7c7d8e0,0x00000000e7c80000)
  to   space 13312K, 0% used [0x00000000ea200000,0x00000000ea200000,0x00000000eaf00000)
 ParOldGen       total 55296K, used 16842K [0x00000000a0000000, 0x00000000a3600000, 0x00000000e0000000)
  object space 55296K, 30% used [0x00000000a0000000,0x00000000a1072940,0x00000000a3600000)
 Metaspace       used 42295K, capacity 43062K, committed 43352K, reserved 1087488K
  class space    used 5753K, capacity 5994K, committed 6016K, reserved 1048576K
GC Heap History (10 events):
Event: 7.252 GC heap before
{Heap before GC invocations=9 (full 1):
 PSYoungGen      total 67584K, used 60416K [0x00000000e0000000, 0x00000000e8600000, 0x0000000100000000)
  eden space 60416K, 100% used [0x00000000e0000000,0x00000000e3b00000,0x00000000e3b00000)
  from space 7168K, 0% used [0x00000000e3b00000,0x00000000e3b00000,0x00000000e4200000)
  to   space 8192K, 0% used [0x00000000e7e00000,0x00000000e7e00000,0x00000000e8600000)
 ParOldGen       total 35840K, used 8605K [0x00000000a0000000, 0x00000000a2300000, 0x00000000e0000000)
  object space 35840K, 24% used [0x00000000a0000000,0x00000000a0867650,0x00000000a2300000)
 Metaspace       used 26159K, capacity 26548K, committed 26880K, reserved 1073152K
  class space    used 3578K, capacity 3714K, committed 3840K, reserved 1048576K
Event: 7.267 GC heap after
Heap after GC invocations=9 (full 1):
 PSYoungGen      total 91648K, used 6809K [0x00000000e0000000, 0x00000000e8500000, 0x0000000100000000)
  eden space 84480K, 0% used [0x00000000e0000000,0x00000000e0000000,0x00000000e5280000)
  from space 7168K, 94% used [0x00000000e7e00000,0x00000000e84a64a8,0x00000000e8500000)
  to   space 8704K, 0% used [0x00000000e7400000,0x00000000e7400000,0x00000000e7c80000)
 ParOldGen       total 35840K, used 8613K [0x00000000a0000000, 0x00000000a2300000, 0x00000000e0000000)
  object space 35840K, 24% used [0x00000000a0000000,0x00000000a0869650,0x00000000a2300000)
 Metaspace       used 26159K, capacity 26548K, committed 26880K, reserved 1073152K
  class space    used 3578K, capacity 3714K, committed 3840K, reserved 1048576K
}
Event: 10.820 GC heap before
{Heap before GC invocations=10 (full 1):
 PSYoungGen      total 91648K, used 91289K [0x00000000e0000000, 0x00000000e8500000, 0x0000000100000000)
  eden space 84480K, 100% used [0x00000000e0000000,0x00000000e5280000,0x00000000e5280000)
  from space 7168K, 94% used [0x00000000e7e00000,0x00000000e84a64a8,0x00000000e8500000)
  to   space 8704K, 0% used [0x00000000e7400000,0x00000000e7400000,0x00000000e7c80000)
 ParOldGen       total 35840K, used 8613K [0x00000000a0000000, 0x00000000a2300000, 0x00000000e0000000)
  object space 35840K, 24% used [0x00000000a0000000,0x00000000a0869650,0x00000000a2300000)
 Metaspace       used 32614K, capacity 33094K, committed 33408K, reserved 1077248K
  class space    used 4529K, capacity 4709K, committed 4736K, reserved 1048576K
Event: 10.845 GC heap after
Heap after GC invocations=10 (full 1):
 PSYoungGen      total 112128K, used 8697K [0x00000000e0000000, 0x00000000e7e80000, 0x0000000100000000)
  eden space 103424K, 0% used [0x00000000e0000000,0x00000000e0000000,0x00000000e6500000)
  from space 8704K, 99% used [0x00000000e7400000,0x00000000e7c7e6d0,0x00000000e7c80000)
  to   space 2048K, 0% used [0x00000000e7c80000,0x00000000e7c80000,0x00000000e7e80000)
 ParOldGen       total 35840K, used 11132K [0x00000000a0000000, 0x00000000a2300000, 0x00000000e0000000)
  object space 35840K, 31% used [0x00000000a0000000,0x00000000a0adf2f0,0x00000000a2300000)
 Metaspace       used 32614K, capacity 33094K, committed 33408K, reserved 1077248K
  class space    used 4529K, capacity 4709K, committed 4736K, reserved 1048576K
}
Event: 11.116 GC heap before
{Heap before GC invocations=11 (full 1):
 PSYoungGen      total 112128K, used 24824K [0x00000000e0000000, 0x00000000e7e80000, 0x0000000100000000)
  eden space 103424K, 15% used [0x00000000e0000000,0x00000000e0fbfca8,0x00000000e6500000)
  from space 8704K, 99% used [0x00000000e7400000,0x00000000e7c7e6d0,0x00000000e7c80000)
  to   space 2048K, 0% used [0x00000000e7c80000,0x00000000e7c80000,0x00000000e7e80000)
 ParOldGen       total 35840K, used 11132K [0x00000000a0000000, 0x00000000a2300000, 0x00000000e0000000)
  object space 35840K, 31% used [0x00000000a0000000,0x00000000a0adf2f0,0x00000000a2300000)
 Metaspace       used 34758K, capacity 35272K, committed 35416K, reserved 1079296K
  class space    used 4758K, capacity 4946K, committed 4992K, reserved 1048576K
Event: 11.131 GC heap after
Heap after GC invocations=11 (full 1):
 PSYoungGen      total 118272K, used 2048K [0x00000000e0000000, 0x00000000e9b00000, 0x0000000100000000)
  eden space 116224K, 0% used [0x00000000e0000000,0x00000000e0000000,0x00000000e7180000)
  from space 2048K, 100% used [0x00000000e7c80000,0x00000000e7e80000,0x00000000e7e80000)
  to   space 11264K, 0% used [0x00000000e7180000,0x00000000e7180000,0x00000000e7c80000)
 ParOldGen       total 35840K, used 17602K [0x00000000a0000000, 0x00000000a2300000, 0x00000000e0000000)
  object space 35840K, 49% used [0x00000000a0000000,0x00000000a1130b60,0x00000000a2300000)
 Metaspace       used 34758K, capacity 35272K, committed 35416K, reserved 1079296K
  class space    used 4758K, capacity 4946K, committed 4992K, reserved 1048576K
}
Event: 11.131 GC heap before
{Heap before GC invocations=12 (full 2):
 PSYoungGen      total 118272K, used 2048K [0x00000000e0000000, 0x00000000e9b00000, 0x0000000100000000)
  eden space 116224K, 0% used [0x00000000e0000000,0x00000000e0000000,0x00000000e7180000)
  from space 2048K, 100% used [0x00000000e7c80000,0x00000000e7e80000,0x00000000e7e80000)
  to   space 11264K, 0% used [0x00000000e7180000,0x00000000e7180000,0x00000000e7c80000)
 ParOldGen       total 35840K, used 17602K [0x00000000a0000000, 0x00000000a2300000, 0x00000000e0000000)
  object space 35840K, 49% used [0x00000000a0000000,0x00000000a1130b60,0x00000000a2300000)
 Metaspace       used 34758K, capacity 35272K, committed 35416K, reserved 1079296K
  class space    used 4758K, capacity 4946K, committed 4992K, reserved 1048576K
Event: 11.221 GC heap after
Heap after GC invocations=12 (full 2):
 PSYoungGen      total 118272K, used 0K [0x00000000e0000000, 0x00000000e9b00000, 0x0000000100000000)
  eden space 116224K, 0% used [0x00000000e0000000,0x00000000e0000000,0x00000000e7180000)
  from space 2048K, 0% used [0x00000000e7c80000,0x00000000e7c80000,0x00000000e7e80000)
  to   space 11264K, 0% used [0x00000000e7180000,0x00000000e7180000,0x00000000e7c80000)
 ParOldGen       total 55296K, used 15327K [0x00000000a0000000, 0x00000000a3600000, 0x00000000e0000000)
  object space 55296K, 27% used [0x00000000a0000000,0x00000000a0ef7f08,0x00000000a3600000)
 Metaspace       used 34758K, capacity 35272K, committed 35416K, reserved 1079296K
  class space    used 4758K, capacity 4946K, committed 4992K, reserved 1048576K
}
Event: 13.471 GC heap before
{Heap before GC invocations=13 (full 2):
 PSYoungGen      total 118272K, used 116224K [0x00000000e0000000, 0x00000000e9b00000, 0x0000000100000000)
  eden space 116224K, 100% used [0x00000000e0000000,0x00000000e7180000,0x00000000e7180000)
  from space 2048K, 0% used [0x00000000e7c80000,0x00000000e7c80000,0x00000000e7e80000)
  to   space 11264K, 0% used [0x00000000e7180000,0x00000000e7180000,0x00000000e7c80000)
 ParOldGen       total 55296K, used 15327K [0x00000000a0000000, 0x00000000a3600000, 0x00000000e0000000)
  object space 55296K, 27% used [0x00000000a0000000,0x00000000a0ef7f08,0x00000000a3600000)
 Metaspace       used 41046K, capacity 41752K, committed 41944K, reserved 1085440K
  class space    used 5559K, capacity 5813K, committed 5888K, reserved 1048576K
Event: 13.492 GC heap after
Heap after GC invocations=13 (full 2):
 PSYoungGen      total 127488K, used 11254K [0x00000000e0000000, 0x00000000eaf00000, 0x0000000100000000)
  eden space 116224K, 0% used [0x00000000e0000000,0x00000000e0000000,0x00000000e7180000)
  from space 11264K, 99% used [0x00000000e7180000,0x00000000e7c7d8e0,0x00000000e7c80000)
  to   space 13312K, 0% used [0x00000000ea200000,0x00000000ea200000,0x00000000eaf00000)
 ParOldGen       total 55296K, used 16842K [0x00000000a0000000, 0x00000000a3600000, 0x00000000e0000000)
  object space 55296K, 30% used [0x00000000a0000000,0x00000000a1072940,0x00000000a3600000)
 Metaspace       used 41046K, capacity 41752K, committed 41944K, reserved 1085440K
  class space    used 5559K, capacity 5813K, committed 5888K, reserved 1048576K
}

