# JRE version: OpenJDK Runtime Environment (8.0_152-b02) (build 1.8.0_152-release-1024-b02)
# Java VM: OpenJDK 64-Bit Server VM (25.152-b02 mixed mode windows-amd64 compressed oops)
Heap:
 PSYoungGen      total 419328K, used 34137K [0x00000000e0000000, 0x00000000fab00000, 0x0000000100000000)
  eden space 401408K, 7% used [0x00000000e0000000,0x00000000e1d58d10,0x00000000f8800000)
  from space 17920K, 22% used [0x00000000f8800000,0x00000000f8bfd910,0x00000000f9980000)
  to   space 12800K, 0% used [0x00000000f9e80000,0x00000000f9e80000,0x00000000fab00000)
 ParOldGen       total 95232K, used 42911K [0x00000000a0000000, 0x00000000a5d00000, 0x00000000e0000000)
  object space 95232K, 45% used [0x00000000a0000000,0x00000000a29e7da0,0x00000000a5d00000)
 Metaspace       used 70741K, capacity 73352K, committed 73600K, reserved 1112064K
  class space    used 9446K, capacity 10004K, committed 10112K, reserved 1048576K
GC Heap History (10 events):
Event: 54.676 GC heap before
{Heap before GC invocations=30 (full 3):
 PSYoungGen      total 414208K, used 405317K [0x00000000e0000000, 0x00000000fab00000, 0x0000000100000000)
  eden space 401408K, 100% used [0x00000000e0000000,0x00000000f8800000,0x00000000f8800000)
  from space 12800K, 30% used [0x00000000f9e80000,0x00000000fa251708,0x00000000fab00000)
  to   space 17920K, 0% used [0x00000000f8800000,0x00000000f8800000,0x00000000f9980000)
 ParOldGen       total 95232K, used 42847K [0x00000000a0000000, 0x00000000a5d00000, 0x00000000e0000000)
  object space 95232K, 44% used [0x00000000a0000000,0x00000000a29d7da0,0x00000000a5d00000)
 Metaspace       used 70619K, capacity 73152K, committed 73344K, reserved 1112064K
  class space    used 9442K, capacity 10004K, committed 10112K, reserved 1048576K
Event: 54.704 GC heap after
Heap after GC invocations=30 (full 3):
 PSYoungGen      total 419328K, used 6048K [0x00000000e0000000, 0x00000000fab00000, 0x0000000100000000)
  eden space 401408K, 0% used [0x00000000e0000000,0x00000000e0000000,0x00000000f8800000)
  from space 17920K, 33% used [0x00000000f8800000,0x00000000f8de8358,0x00000000f9980000)
  to   space 12800K, 0% used [0x00000000f9e80000,0x00000000f9e80000,0x00000000fab00000)
 ParOldGen       total 95232K, used 42863K [0x00000000a0000000, 0x00000000a5d00000, 0x00000000e0000000)
  object space 95232K, 45% used [0x00000000a0000000,0x00000000a29dbda0,0x00000000a5d00000)
 Metaspace       used 70619K, capacity 73152K, committed 73344K, reserved 1112064K
  class space    used 9442K, capacity 10004K, committed 10112K, reserved 1048576K
}
Event: 56.962 GC heap before
{Heap before GC invocations=31 (full 3):
 PSYoungGen      total 419328K, used 407456K [0x00000000e0000000, 0x00000000fab00000, 0x0000000100000000)
  eden space 401408K, 100% used [0x00000000e0000000,0x00000000f8800000,0x00000000f8800000)
  from space 17920K, 33% used [0x00000000f8800000,0x00000000f8de8358,0x00000000f9980000)
  to   space 12800K, 0% used [0x00000000f9e80000,0x00000000f9e80000,0x00000000fab00000)
 ParOldGen       total 95232K, used 42863K [0x00000000a0000000, 0x00000000a5d00000, 0x00000000e0000000)
  object space 95232K, 45% used [0x00000000a0000000,0x00000000a29dbda0,0x00000000a5d00000)
 Metaspace       used 70645K, capacity 73216K, committed 73344K, reserved 1112064K
  class space    used 9442K, capacity 10004K, committed 10112K, reserved 1048576K
Event: 56.971 GC heap after
Heap after GC invocations=31 (full 3):
 PSYoungGen      total 414208K, used 1076K [0x00000000e0000000, 0x00000000fab00000, 0x0000000100000000)
  eden space 401408K, 0% used [0x00000000e0000000,0x00000000e0000000,0x00000000f8800000)
  from space 12800K, 8% used [0x00000000f9e80000,0x00000000f9f8d3c0,0x00000000fab00000)
  to   space 17920K, 0% used [0x00000000f8800000,0x00000000f8800000,0x00000000f9980000)
 ParOldGen       total 95232K, used 42879K [0x00000000a0000000, 0x00000000a5d00000, 0x00000000e0000000)
  object space 95232K, 45% used [0x00000000a0000000,0x00000000a29dfda0,0x00000000a5d00000)
 Metaspace       used 70645K, capacity 73216K, committed 73344K, reserved 1112064K
  class space    used 9442K, capacity 10004K, committed 10112K, reserved 1048576K
}
Event: 59.312 GC heap before
{Heap before GC invocations=32 (full 3):
 PSYoungGen      total 414208K, used 402484K [0x00000000e0000000, 0x00000000fab00000, 0x0000000100000000)
  eden space 401408K, 100% used [0x00000000e0000000,0x00000000f8800000,0x00000000f8800000)
  from space 12800K, 8% used [0x00000000f9e80000,0x00000000f9f8d3c0,0x00000000fab00000)
  to   space 17920K, 0% used [0x00000000f8800000,0x00000000f8800000,0x00000000f9980000)
 ParOldGen       total 95232K, used 42879K [0x00000000a0000000, 0x00000000a5d00000, 0x00000000e0000000)
  object space 95232K, 45% used [0x00000000a0000000,0x00000000a29dfda0,0x00000000a5d00000)
 Metaspace       used 70665K, capacity 73220K, committed 73344K, reserved 1112064K
  class space    used 9442K, capacity 10004K, committed 10112K, reserved 1048576K
Event: 59.330 GC heap after
Heap after GC invocations=32 (full 3):
 PSYoungGen      total 419328K, used 4680K [0x00000000e0000000, 0x00000000fab00000, 0x0000000100000000)
  eden space 401408K, 0% used [0x00000000e0000000,0x00000000e0000000,0x00000000f8800000)
  from space 17920K, 26% used [0x00000000f8800000,0x00000000f8c921c8,0x00000000f9980000)
  to   space 12800K, 0% used [0x00000000f9e80000,0x00000000f9e80000,0x00000000fab00000)
 ParOldGen       total 95232K, used 42887K [0x00000000a0000000, 0x00000000a5d00000, 0x00000000e0000000)
  object space 95232K, 45% used [0x00000000a0000000,0x00000000a29e1da0,0x00000000a5d00000)
 Metaspace       used 70665K, capacity 73220K, committed 73344K, reserved 1112064K
  class space    used 9442K, capacity 10004K, committed 10112K, reserved 1048576K
}
Event: 61.452 GC heap before
{Heap before GC invocations=33 (full 3):
 PSYoungGen      total 419328K, used 406088K [0x00000000e0000000, 0x00000000fab00000, 0x0000000100000000)
  eden space 401408K, 100% used [0x00000000e0000000,0x00000000f8800000,0x00000000f8800000)
  from space 17920K, 26% used [0x00000000f8800000,0x00000000f8c921c8,0x00000000f9980000)
  to   space 12800K, 0% used [0x00000000f9e80000,0x00000000f9e80000,0x00000000fab00000)
 ParOldGen       total 95232K, used 42887K [0x00000000a0000000, 0x00000000a5d00000, 0x00000000e0000000)
  object space 95232K, 45% used [0x00000000a0000000,0x00000000a29e1da0,0x00000000a5d00000)
 Metaspace       used 70695K, capacity 73288K, committed 73600K, reserved 1112064K
  class space    used 9444K, capacity 10004K, committed 10112K, reserved 1048576K
Event: 61.470 GC heap after
Heap after GC invocations=33 (full 3):
 PSYoungGen      total 414208K, used 6878K [0x00000000e0000000, 0x00000000fab00000, 0x0000000100000000)
  eden space 401408K, 0% used [0x00000000e0000000,0x00000000e0000000,0x00000000f8800000)
  from space 12800K, 53% used [0x00000000f9e80000,0x00000000fa537a48,0x00000000fab00000)
  to   space 17920K, 0% used [0x00000000f8800000,0x00000000f8800000,0x00000000f9980000)
 ParOldGen       total 95232K, used 42895K [0x00000000a0000000, 0x00000000a5d00000, 0x00000000e0000000)
  object space 95232K, 45% used [0x00000000a0000000,0x00000000a29e3da0,0x00000000a5d00000)
 Metaspace       used 70695K, capacity 73288K, committed 73600K, reserved 1112064K
  class space    used 9444K, capacity 10004K, committed 10112K, reserved 1048576K
}
Event: 64.137 GC heap before
{Heap before GC invocations=34 (full 3):
 PSYoungGen      total 414208K, used 408286K [0x00000000e0000000, 0x00000000fab00000, 0x0000000100000000)
  eden space 401408K, 100% used [0x00000000e0000000,0x00000000f8800000,0x00000000f8800000)
  from space 12800K, 53% used [0x00000000f9e80000,0x00000000fa537a48,0x00000000fab00000)
  to   space 17920K, 0% used [0x00000000f8800000,0x00000000f8800000,0x00000000f9980000)
 ParOldGen       total 95232K, used 42895K [0x00000000a0000000, 0x00000000a5d00000, 0x00000000e0000000)
  object space 95232K, 45% used [0x00000000a0000000,0x00000000a29e3da0,0x00000000a5d00000)
 Metaspace       used 70738K, capacity 73352K, committed 73600K, reserved 1112064K
  class space    used 9445K, capacity 10004K, committed 10112K, reserved 1048576K
Event: 64.152 GC heap after
Heap after GC invocations=34 (full 3):
 PSYoungGen      total 419328K, used 4086K [0x00000000e0000000, 0x00000000fab00000, 0x0000000100000000)
  eden space 401408K, 0% used [0x00000000e0000000,0x00000000e0000000,0x00000000f8800000)
  from space 17920K, 22% used [0x00000000f8800000,0x00000000f8bfd910,0x00000000f9980000)
  to   space 12800K, 0% used [0x00000000f9e80000,0x00000000f9e80000,0x00000000fab00000)
 ParOldGen       total 95232K, used 42911K [0x00000000a0000000, 0x00000000a5d00000, 0x00000000e0000000)
  object space 95232K, 45% used [0x00000000a0000000,0x00000000a29e7da0,0x00000000a5d00000)
 Metaspace       used 70738K, capacity 73352K, committed 73600K, reserved 1112064K
  class space    used 9445K, capacity 10004K, committed 10112K, reserved 1048576K
}

