# JRE version: OpenJDK Runtime Environment (8.0_152-b02) (build 1.8.0_152-release-1024-b02)
# Java VM: OpenJDK 64-Bit Server VM (25.152-b02 mixed mode windows-amd64 compressed oops)
Heap:
 PSYoungGen      total 283136K, used 52484K [0x00000000e0000000, 0x00000000f5900000, 0x0000000100000000)
  eden space 219136K, 7% used [0x00000000e0000000,0x00000000e10d95e0,0x00000000ed600000)
  from space 64000K, 55% used [0x00000000ed600000,0x00000000ef867b98,0x00000000f1480000)
  to   space 62464K, 0% used [0x00000000f1480000,0x00000000f1480000,0x00000000f5180000)
 ParOldGen       total 99328K, used 51631K [0x00000000a0000000, 0x00000000a6100000, 0x00000000e0000000)
  object space 99328K, 51% used [0x00000000a0000000,0x00000000a326bda0,0x00000000a6100000)
 Metaspace       used 101219K, capacity 107207K, committed 109400K, reserved 1144832K
  class space    used 12677K, capacity 13952K, committed 14464K, reserved 1048576K
GC Heap History (10 events):
Event: 5909.553 GC heap before
{Heap before GC invocations=49 (full 4):
 PSYoungGen      total 247296K, used 232904K [0x00000000e0000000, 0x00000000f3680000, 0x0000000100000000)
  eden space 192000K, 100% used [0x00000000e0000000,0x00000000ebb80000,0x00000000ebb80000)
  from space 55296K, 73% used [0x00000000ef580000,0x00000000f1d72290,0x00000000f2b80000)
  to   space 59392K, 0% used [0x00000000ebb80000,0x00000000ebb80000,0x00000000ef580000)
 ParOldGen       total 99328K, used 51215K [0x00000000a0000000, 0x00000000a6100000, 0x00000000e0000000)
  object space 99328K, 51% used [0x00000000a0000000,0x00000000a3203f10,0x00000000a6100000)
 Metaspace       used 100697K, capacity 106595K, committed 108888K, reserved 1144832K
  class space    used 12639K, capacity 13916K, committed 14464K, reserved 1048576K
Event: 5909.648 GC heap after
Heap after GC invocations=49 (full 4):
 PSYoungGen      total 251392K, used 40417K [0x00000000e0000000, 0x00000000f5180000, 0x0000000100000000)
  eden space 192000K, 0% used [0x00000000e0000000,0x00000000e0000000,0x00000000ebb80000)
  from space 59392K, 68% used [0x00000000ebb80000,0x00000000ee2f8648,0x00000000ef580000)
  to   space 62464K, 0% used [0x00000000f1480000,0x00000000f1480000,0x00000000f5180000)
 ParOldGen       total 99328K, used 51223K [0x00000000a0000000, 0x00000000a6100000, 0x00000000e0000000)
  object space 99328K, 51% used [0x00000000a0000000,0x00000000a3205f10,0x00000000a6100000)
 Metaspace       used 100697K, capacity 106595K, committed 108888K, reserved 1144832K
  class space    used 12639K, capacity 13916K, committed 14464K, reserved 1048576K
}
Event: 5910.973 GC heap before
{Heap before GC invocations=50 (full 4):
 PSYoungGen      total 251392K, used 232417K [0x00000000e0000000, 0x00000000f5180000, 0x0000000100000000)
  eden space 192000K, 100% used [0x00000000e0000000,0x00000000ebb80000,0x00000000ebb80000)
  from space 59392K, 68% used [0x00000000ebb80000,0x00000000ee2f8648,0x00000000ef580000)
  to   space 62464K, 0% used [0x00000000f1480000,0x00000000f1480000,0x00000000f5180000)
 ParOldGen       total 99328K, used 51223K [0x00000000a0000000, 0x00000000a6100000, 0x00000000e0000000)
  object space 99328K, 51% used [0x00000000a0000000,0x00000000a3205f10,0x00000000a6100000)
 Metaspace       used 100860K, capacity 106819K, committed 109144K, reserved 1144832K
  class space    used 12655K, capacity 13918K, committed 14464K, reserved 1048576K
Event: 5911.079 GC heap after
Heap after GC invocations=50 (full 4):
 PSYoungGen      total 281600K, used 39807K [0x00000000e0000000, 0x00000000f5900000, 0x0000000100000000)
  eden space 219136K, 0% used [0x00000000e0000000,0x00000000e0000000,0x00000000ed600000)
  from space 62464K, 63% used [0x00000000f1480000,0x00000000f3b5fc68,0x00000000f5180000)
  to   space 64000K, 0% used [0x00000000ed600000,0x00000000ed600000,0x00000000f1480000)
 ParOldGen       total 99328K, used 51231K [0x00000000a0000000, 0x00000000a6100000, 0x00000000e0000000)
  object space 99328K, 51% used [0x00000000a0000000,0x00000000a3207f10,0x00000000a6100000)
 Metaspace       used 100860K, capacity 106819K, committed 109144K, reserved 1144832K
  class space    used 12655K, capacity 13918K, committed 14464K, reserved 1048576K
}
Event: 5912.679 GC heap before
{Heap before GC invocations=51 (full 4):
 PSYoungGen      total 281600K, used 258943K [0x00000000e0000000, 0x00000000f5900000, 0x0000000100000000)
  eden space 219136K, 100% used [0x00000000e0000000,0x00000000ed600000,0x00000000ed600000)
  from space 62464K, 63% used [0x00000000f1480000,0x00000000f3b5fc68,0x00000000f5180000)
  to   space 64000K, 0% used [0x00000000ed600000,0x00000000ed600000,0x00000000f1480000)
 ParOldGen       total 99328K, used 51231K [0x00000000a0000000, 0x00000000a6100000, 0x00000000e0000000)
  object space 99328K, 51% used [0x00000000a0000000,0x00000000a3207f10,0x00000000a6100000)
 Metaspace       used 101036K, capacity 106995K, committed 109400K, reserved 1144832K
  class space    used 12670K, capacity 13950K, committed 14464K, reserved 1048576K
Event: 5912.740 GC heap after
Heap after GC invocations=51 (full 4):
 PSYoungGen      total 283136K, used 37359K [0x00000000e0000000, 0x00000000f5900000, 0x0000000100000000)
  eden space 219136K, 0% used [0x00000000e0000000,0x00000000e0000000,0x00000000ed600000)
  from space 64000K, 58% used [0x00000000ed600000,0x00000000efa7bee8,0x00000000f1480000)
  to   space 62464K, 0% used [0x00000000f1480000,0x00000000f1480000,0x00000000f5180000)
 ParOldGen       total 99328K, used 51239K [0x00000000a0000000, 0x00000000a6100000, 0x00000000e0000000)
  object space 99328K, 51% used [0x00000000a0000000,0x00000000a3209f10,0x00000000a6100000)
 Metaspace       used 101036K, capacity 106995K, committed 109400K, reserved 1144832K
  class space    used 12670K, capacity 13950K, committed 14464K, reserved 1048576K
}
Event: 5914.209 GC heap before
{Heap before GC invocations=52 (full 4):
 PSYoungGen      total 283136K, used 256495K [0x00000000e0000000, 0x00000000f5900000, 0x0000000100000000)
  eden space 219136K, 100% used [0x00000000e0000000,0x00000000ed600000,0x00000000ed600000)
  from space 64000K, 58% used [0x00000000ed600000,0x00000000efa7bee8,0x00000000f1480000)
  to   space 62464K, 0% used [0x00000000f1480000,0x00000000f1480000,0x00000000f5180000)
 ParOldGen       total 99328K, used 51239K [0x00000000a0000000, 0x00000000a6100000, 0x00000000e0000000)
  object space 99328K, 51% used [0x00000000a0000000,0x00000000a3209f10,0x00000000a6100000)
 Metaspace       used 101096K, capacity 107069K, committed 109400K, reserved 1144832K
  class space    used 12671K, capacity 13951K, committed 14464K, reserved 1048576K
Event: 5914.294 GC heap after
Heap after GC invocations=52 (full 4):
 PSYoungGen      total 281600K, used 40080K [0x00000000e0000000, 0x00000000f5900000, 0x0000000100000000)
  eden space 219136K, 0% used [0x00000000e0000000,0x00000000e0000000,0x00000000ed600000)
  from space 62464K, 64% used [0x00000000f1480000,0x00000000f3ba4070,0x00000000f5180000)
  to   space 64000K, 0% used [0x00000000ed600000,0x00000000ed600000,0x00000000f1480000)
 ParOldGen       total 99328K, used 51551K [0x00000000a0000000, 0x00000000a6100000, 0x00000000e0000000)
  object space 99328K, 51% used [0x00000000a0000000,0x00000000a3257f10,0x00000000a6100000)
 Metaspace       used 101096K, capacity 107069K, committed 109400K, reserved 1144832K
  class space    used 12671K, capacity 13951K, committed 14464K, reserved 1048576K
}
Event: 5916.542 GC heap before
{Heap before GC invocations=53 (full 4):
 PSYoungGen      total 281600K, used 259216K [0x00000000e0000000, 0x00000000f5900000, 0x0000000100000000)
  eden space 219136K, 100% used [0x00000000e0000000,0x00000000ed600000,0x00000000ed600000)
  from space 62464K, 64% used [0x00000000f1480000,0x00000000f3ba4070,0x00000000f5180000)
  to   space 64000K, 0% used [0x00000000ed600000,0x00000000ed600000,0x00000000f1480000)
 ParOldGen       total 99328K, used 51551K [0x00000000a0000000, 0x00000000a6100000, 0x00000000e0000000)
  object space 99328K, 51% used [0x00000000a0000000,0x00000000a3257f10,0x00000000a6100000)
 Metaspace       used 101215K, capacity 107207K, committed 109400K, reserved 1144832K
  class space    used 12677K, capacity 13952K, committed 14464K, reserved 1048576K
Event: 5916.674 GC heap after
Heap after GC invocations=53 (full 4):
 PSYoungGen      total 283136K, used 35230K [0x00000000e0000000, 0x00000000f5900000, 0x0000000100000000)
  eden space 219136K, 0% used [0x00000000e0000000,0x00000000e0000000,0x00000000ed600000)
  from space 64000K, 55% used [0x00000000ed600000,0x00000000ef867b98,0x00000000f1480000)
  to   space 62464K, 0% used [0x00000000f1480000,0x00000000f1480000,0x00000000f5180000)
 ParOldGen       total 99328K, used 51631K [0x00000000a0000000, 0x00000000a6100000, 0x00000000e0000000)
  object space 99328K, 51% used [0x00000000a0000000,0x00000000a326bda0,0x00000000a6100000)
 Metaspace       used 101215K, capacity 107207K, committed 109400K, reserved 1144832K
  class space    used 12677K, capacity 13952K, committed 14464K, reserved 1048576K
}

